2018-10-15 09:53:44.618 [main] INFO  com.vps.restapi.Application - Starting Application on DESKTOP-UT9V9G4 with PID 2192 (C:\Users\Piotr\Desktop\GitHub\restapi1\target\classes started by Piotr in C:\Users\Piotr\Desktop\GitHub\restapi1)
2018-10-15 09:53:44.623 [main] INFO  com.vps.restapi.Application - No active profile set, falling back to default profiles: default
2018-10-15 09:53:44.661 [main] INFO  org.springframework.boot.web.servlet.context.AnnotationConfigServletWebServerApplicationContext - Refreshing org.springframework.boot.web.servlet.context.AnnotationConfigServletWebServerApplicationContext@5ace1ed4: startup date [Mon Oct 15 09:53:44 CEST 2018]; root of context hierarchy
2018-10-15 09:53:45.888 [main] INFO  org.springframework.boot.web.embedded.tomcat.TomcatWebServer - Tomcat initialized with port(s): 8080 (http)
2018-10-15 09:53:45.901 [main] INFO  org.apache.coyote.http11.Http11NioProtocol - Initializing ProtocolHandler ["http-nio-8080"]
2018-10-15 09:53:45.909 [main] INFO  org.apache.catalina.core.StandardService - Starting service [Tomcat]
2018-10-15 09:53:45.910 [main] INFO  org.apache.catalina.core.StandardEngine - Starting Servlet Engine: Apache Tomcat/8.5.31
2018-10-15 09:53:45.920 [localhost-startStop-1] INFO  org.apache.catalina.core.AprLifecycleListener - The APR based Apache Tomcat Native library which allows optimal performance in production environments was not found on the java.library.path: [C:\Programy\java\bin;C:\WINDOWS\Sun\Java\bin;C:\WINDOWS\system32;C:\WINDOWS;C:/Programy/java/bin/server;C:/Programy/java/bin;C:/Programy/java/lib/amd64;C:\Program Files (x86)\Common Files\Oracle\Java\javapath;C:\Program Files (x86)\Intel\iCLS Client\;C:\Program Files\Intel\iCLS Client\;C:\windows\system32;C:\windows;C:\windows\System32\Wbem;C:\windows\System32\WindowsPowerShell\v1.0\;C:\Program Files (x86)\Intel\Intel(R) Management Engine Components\DAL;C:\Program Files\Intel\Intel(R) Management Engine Components\DAL;C:\Program Files (x86)\Intel\Intel(R) Management Engine Components\IPT;C:\Program Files\Intel\Intel(R) Management Engine Components\IPT;C:\Program Files (x86)\NVIDIA Corporation\PhysX\Common;C:\Programy\PuTTY\;C:\Program Files\Intel\WiFi\bin\;C:\Program Files\Common Files\Intel\WirelessCommon\;C:\WINDOWS\system32;C:\WINDOWS;C:\WINDOWS\System32\Wbem;C:\WINDOWS\System32\WindowsPowerShell\v1.0\;C:\WINDOWS\System32\OpenSSH\;C:\Programy\nodejs\;C:\Program Files\Apache\maven\bin;C:\Program Files\Apache\maven\bin;C:\Program Files\dotnet\;C:\Program Files\Microsoft SQL Server\130\Tools\Binn\;C:\Programy\\Bitvise SSH Client;C:\Users\Piotr\AppData\Local\Microsoft\WindowsApps;C:\Users\Piotr\AppData\Local\atom\bin;C:\Users\Piotr\AppData\Local\Microsoft\WindowsApps;C:\Users\Piotr\AppData\Roaming\npm;C:\Users\Piotr\AppData\Local\GitHubDesktop\bin;C:\Users\Piotr\Desktop;;.]
2018-10-15 09:53:46.035 [localhost-startStop-1] INFO  org.apache.catalina.core.ContainerBase.[Tomcat].[localhost].[/] - Initializing Spring embedded WebApplicationContext
2018-10-15 09:53:46.036 [localhost-startStop-1] INFO  org.springframework.web.context.ContextLoader - Root WebApplicationContext: initialization completed in 1377 ms
2018-10-15 09:53:46.169 [localhost-startStop-1] INFO  org.springframework.boot.web.servlet.ServletRegistrationBean - Servlet dispatcherServlet mapped to [/]
2018-10-15 09:53:46.172 [localhost-startStop-1] INFO  org.springframework.boot.web.servlet.FilterRegistrationBean - Mapping filter: 'corsFilter' to: [/*]
2018-10-15 09:53:46.172 [localhost-startStop-1] INFO  org.springframework.boot.web.servlet.FilterRegistrationBean - Mapping filter: 'characterEncodingFilter' to: [/*]
2018-10-15 09:53:46.172 [localhost-startStop-1] INFO  org.springframework.boot.web.servlet.FilterRegistrationBean - Mapping filter: 'hiddenHttpMethodFilter' to: [/*]
2018-10-15 09:53:46.172 [localhost-startStop-1] INFO  org.springframework.boot.web.servlet.FilterRegistrationBean - Mapping filter: 'httpPutFormContentFilter' to: [/*]
2018-10-15 09:53:46.172 [localhost-startStop-1] INFO  org.springframework.boot.web.servlet.FilterRegistrationBean - Mapping filter: 'requestContextFilter' to: [/*]
2018-10-15 09:53:46.629 [main] INFO  org.mongodb.driver.cluster - Cluster created with settings {hosts=[localhost:27017], mode=MULTIPLE, requiredClusterType=UNKNOWN, serverSelectionTimeout='30000 ms', maxWaitQueueSize=500}
2018-10-15 09:53:46.630 [main] INFO  org.mongodb.driver.cluster - Adding discovered server localhost:27017 to client view of cluster
2018-10-15 09:53:46.685 [cluster-ClusterId{value='5bc4478a01cc1d08901a3e95', description='null'}-localhost:27017] INFO  org.mongodb.driver.connection - Opened connection [connectionId{localValue:1, serverValue:62}] to localhost:27017
2018-10-15 09:53:46.689 [cluster-ClusterId{value='5bc4478a01cc1d08901a3e95', description='null'}-localhost:27017] INFO  org.mongodb.driver.cluster - Monitor thread successfully connected to server with description ServerDescription{address=localhost:27017, type=STANDALONE, state=CONNECTED, ok=true, version=ServerVersion{versionList=[4, 0, 2]}, minWireVersion=0, maxWireVersion=7, maxDocumentSize=16777216, logicalSessionTimeoutMinutes=30, roundTripTimeNanos=2326623}
2018-10-15 09:53:46.689 [cluster-ClusterId{value='5bc4478a01cc1d08901a3e95', description='null'}-localhost:27017] INFO  org.mongodb.driver.cluster - Discovered cluster type of STANDALONE
2018-10-15 09:53:46.891 [main] INFO  com.vps.restapi.Api - Startuje api5.0.7.RELEASE
2018-10-15 09:53:46.946 [main] INFO  org.springframework.web.servlet.handler.SimpleUrlHandlerMapping - Mapped URL path [/**/favicon.ico] onto handler of type [class org.springframework.web.servlet.resource.ResourceHttpRequestHandler]
2018-10-15 09:53:47.174 [main] INFO  org.springframework.web.servlet.mvc.method.annotation.RequestMappingHandlerAdapter - Looking for @ControllerAdvice: org.springframework.boot.web.servlet.context.AnnotationConfigServletWebServerApplicationContext@5ace1ed4: startup date [Mon Oct 15 09:53:44 CEST 2018]; root of context hierarchy
2018-10-15 09:53:47.238 [main] INFO  org.springframework.web.servlet.mvc.method.annotation.RequestMappingHandlerMapping - Mapped "{[/user/update],methods=[PUT]}" onto public org.springframework.http.ResponseEntity<com.vps.restapi.model.User> com.vps.restapi.Api.update(com.vps.restapi.model.User) throws org.apache.commons.mail.EmailException
2018-10-15 09:53:47.239 [main] INFO  org.springframework.web.servlet.mvc.method.annotation.RequestMappingHandlerMapping - Mapped "{[/user/delete/{userId}],methods=[DELETE]}" onto public org.springframework.http.ResponseEntity<com.vps.restapi.model.User> com.vps.restapi.Api.delete(java.lang.String) throws org.apache.commons.mail.EmailException
2018-10-15 09:53:47.239 [main] INFO  org.springframework.web.servlet.mvc.method.annotation.RequestMappingHandlerMapping - Mapped "{[/user],methods=[POST]}" onto public org.springframework.http.ResponseEntity<com.vps.restapi.model.User> com.vps.restapi.Api.create(com.vps.restapi.model.User) throws org.apache.commons.mail.EmailException
2018-10-15 09:53:47.239 [main] INFO  org.springframework.web.servlet.mvc.method.annotation.RequestMappingHandlerMapping - Mapped "{[/user],methods=[GET]}" onto public java.util.List<com.vps.restapi.model.User> com.vps.restapi.Api.getAll()
2018-10-15 09:53:47.240 [main] INFO  org.springframework.web.servlet.mvc.method.annotation.RequestMappingHandlerMapping - Mapped "{[/user/{userUid}]}" onto public org.springframework.http.ResponseEntity<com.vps.restapi.model.User> com.vps.restapi.Api.checkConfirmationEmail(java.lang.String) throws org.apache.commons.mail.EmailException
2018-10-15 09:53:47.242 [main] INFO  org.springframework.web.servlet.mvc.method.annotation.RequestMappingHandlerMapping - Mapped "{[/error]}" onto public org.springframework.http.ResponseEntity<java.util.Map<java.lang.String, java.lang.Object>> org.springframework.boot.autoconfigure.web.servlet.error.BasicErrorController.error(javax.servlet.http.HttpServletRequest)
2018-10-15 09:53:47.242 [main] INFO  org.springframework.web.servlet.mvc.method.annotation.RequestMappingHandlerMapping - Mapped "{[/error],produ