2018-10-09 22:34:39.801 [main] INFO com.vps.restapi.Application - Starting Application on DESKTOP-E08O51Q with PID 8812 (C:\Users\filip\Documents\JavaSpring\restapi\target\classes started by filip in C:\Users\filip\Documents\JavaSpring\restapi)
2018-10-09 22:34:39.804 [main] INFO com.vps.restapi.Application - No active profile set, falling back to default profiles: default
2018-10-09 22:34:39.847 [main] INFO org.springframework.boot.web.servlet.context.AnnotationConfigServletWebServerApplicationContext - Refreshing org.springframework.boot.web.servlet.context.AnnotationConfigServletWebServerApplicationContext@10d307f1: startup date [Tue Oct 09 22:34:39 CEST 2018]; root of context hierarchy
2018-10-09 22:34:40.962 [main] INFO org.springframework.boot.web.embedded.tomcat.TomcatWebServer - Tomcat initialized with port(s): 8080 (http)
2018-10-09 22:34:40.973 [main] INFO org.apache.coyote.http11.Http11NioProtocol - Initializing ProtocolHandler ["http-nio-8080"]
2018-10-09 22:34:40.980 [main] INFO org.apache.catalina.core.StandardService - Starting service [Tomcat]
2018-10-09 22:34:40.981 [main] INFO org.apache.catalina.core.StandardEngine - Starting Servlet Engine: Apache Tomcat/8.5.31
2018-10-09 22:34:40.986 [localhost-startStop-1] INFO org.apache.catalina.core.AprLifecycleListener - The APR based Apache Tomcat Native library which allows optimal performance in production environments was not found on the java.library.path: [C:\Program Files\Java\jre1.8.0_181\bin;C:\Windows\Sun\Java\bin;C:\Windows\system32;C:\Windows;C:/Program Files/Java/jre1.8.0_181/bin/server;C:/Program Files/Java/jre1.8.0_181/bin;C:/Program Files/Java/jre1.8.0_181/lib/amd64;C:\Program Files (x86)\Common Files\Oracle\Java\javapath;C:\Windows\system32;C:\Windows;C:\Windows\System32\Wbem;C:\Windows\System32\WindowsPowerShell\v1.0\;C:\Windows\System32\OpenSSH\;C:\Program Files\Intel\WiFi\bin\;C:\Program Files\Common Files\Intel\WirelessCommon\;C:\Program Files (x86)\Bitvise SSH Client;C:\apache-maven-3.5.4\bin;C:\Program Files\dotnet\;C:\Program Files\nodejs\;C:\Users\filip\AppData\Local\Microsoft\WindowsApps;C:\Program Files\Intel\WiFi\bin\;C:\Program Files\Common Files\Intel\WirelessCommon\;C:\Users\filip\AppData\Local\atom\bin;C:\Users\filip\AppData\Local\GitHubDesktop\bin;C:\Users\filip\AppData\Roaming\npm;C:\Program Files\MongoDB\Server\4.0\bin;;C:\Users\filip\Desktop\sts-bundle\sts-3.9.4.RELEASE;;.]
2018-10-09 22:34:41.078 [localhost-startStop-1] INFO org.apache.catalina.core.ContainerBase.[Tomcat].[localhost].[/] - Initializing Spring embedded WebApplicationContext
2018-10-09 22:34:41.078 [localhost-startStop-1] INFO org.springframework.web.context.ContextLoader - Root WebApplicationContext: initialization completed in 1234 ms
2018-10-09 22:34:41.188 [localhost-startStop-1] INFO org.springframework.boot.web.servlet.ServletRegistrationBean - Servlet dispatcherServlet mapped to [/]
2018-10-09 22:34:41.192 [localhost-startStop-1] INFO org.springframework.boot.web.servlet.FilterRegistrationBean - Mapping filter: 'corsFilter' to: [/*]
2018-10-09 22:34:41.192 [localhost-startStop-1] INFO org.springframework.boot.web.servlet.FilterRegistrationBean - Mapping filter: 'characterEncodingFilter' to: [/*]
2018-10-09 22:34:41.192 [localhost-startStop-1] INFO org.springframework.boot.web.servlet.FilterRegistrationBean - Mapping filter: 'hiddenHttpMethodFilter' to: [/*]
2018-10-09 22:34:41.192 [localhost-startStop-1] INFO org.springframework.boot.web.servlet.FilterRegistrationBean - Mapping filter: 'httpPutFormContentFilter' to: [/*]
2018-10-09 22:34:41.192 [localhost-startStop-1] INFO org.springframework.boot.web.servlet.FilterRegistrationBean - Mapping filter: 'requestContextFilter' to: [/*]
2018-10-09 22:34:41.628 [main] INFO org.mongodb.driver.cluster - Cluster created with settings {hosts=[localhost:27017], mode=MULTIPLE, requiredClusterType=UNKNOWN, serverSelectionTimeout='30000 ms', maxWaitQueueSize=500}
2018-10-09 22:34:41.628 [main] INFO org.mongodb.driver.cluster - Adding discovered server localhost:27017 to client view of cluster
2018-10-09 22:34:41.772 [cluster-ClusterId{value='5bbd10e16154b9226cab0593', description='null'}-localhost:27017] INFO org.mongodb.driver.connection - Opened connection [connectionId{localValue:1, serverValue:37}] to localhost:27017
2018-10-09 22:34:41.776 [cluster-ClusterId{value='5bbd10e16154b9226cab0593', description='null'}-localhost:27017] INFO org.mongodb.driver.cluster - Monitor thread successfully connected to server with description ServerDescription{address=localhost:27017, type=STANDALONE, state=CONNECTED, ok=true, version=ServerVersion{versionList=[4, 0, 2]}, minWireVersion=0, maxWireVersion=7, maxDocumentSize=16777216, logicalSessionTimeoutMinutes=30, roundTripTimeNanos=2555236}
2018-10-09 22:34:41.777 [cluster-ClusterId{value='5bbd10e16154b9226cab0593', description='null'}-localhost:27017] INFO org.mongodb.driver.cluster - Discovered cluster type of STANDALONE
2018-10-09 22:34:42.041 [main] INFO com.vps.restapi.Api - Startuje api5.0.7.RELEASE
2018-10-09 22:34:42.118 [main] INFO org.springframework.web.servlet.handler.SimpleUrlHandlerMapping - Mapped URL path [/**/favicon.ico] onto handler of type [class org.springframework.web.servlet.resource.ResourceHttpRequestHandler]
2018-10-09 22:34:42.335 [main] INFO org.springframework.web.servlet.mvc.method.annotation.RequestMappingHandlerAdapter - Looking for @ControllerAdvice: org.springframework.boot.web.servlet.context.AnnotationConfigServletWebServerApplicationContext@10d307f1: startup date [Tue Oct 09 22:34:39 CEST 2018]; root of context hierarchy
2018-10-09 22:34:42.382 [main] INFO org.springframework.web.servlet.mvc.method.annotation.RequestMappingHandlerMapping - Mapped "{[/user/update],methods=[PUT]}" onto public org.springframework.http.ResponseEntity<com.vps.restapi.model.User> com.vps.restapi.Api.update(com.vps.restapi.model.User) throws org.apache.commons.mail.EmailException
2018-10-09 22:34:42.383 [main] INFO org.springframework.web.servlet.mvc.method.annotation.RequestMappingHandlerMapping - Mapped "{[/user/delete],methods=[PUT]}" onto public org.springframework.http.ResponseEntity<com.vps.restapi.model.User> com.vps.restapi.Api.delete(com.vps.restapi.model.User) throws org.apache.commons.mail.EmailException
2018-10-09 22:34:42.383 [main] INFO org.springframework.web.servlet.mvc.method.annotation.RequestMappingHandlerMapping - Mapped "{[/user],methods=[POST]}" onto public org.springframework.http.ResponseEntity<com.vps.restapi.model.User> com.vps.restapi.Api.create(com.vps.restapi.model.User) throws org.apache.commons.mail.EmailException
2018-10-09 22:34:42.384 [main] INFO org.springframework.web.servlet.mvc.method.annotation.RequestMappingHandlerMapping - Mapped "{[/user],methods=[GET]}" onto public java.util.List<com.vps.restapi.model.User> com.vps.restapi.Api.getAll()
2018-10-09 22:34:42.387 [main] INFO org.springframework.web.servlet.mvc.method.annotation.RequestMappingHandlerMapping - Mapped "{[/error]}" onto public org.springframework.http.ResponseEntity<java.util.Map<java.lang.String, java.lang.Object>> org.springframework.boot.autoconfigure.web.servlet.error.BasicErrorController.error(javax.servlet.http.HttpServletRequest)
2018-10-09 22:34:42.387 [main] INFO org.springframework.web.servlet.mvc.method.annotation.RequestMappingHandlerMapping - Mapped "{[/error],produces=[text/html]}" onto public org.springframework.web.servlet.ModelAndView org.springframework.boot.autoconfigure.web.servlet.error.BasicErrorController.errorHtml(javax.servlet.http.HttpServletRequest,javax.servlet.http.HttpServletResponse)
2018-10-09 22:34:42.414 [main] INFO org.springframework.web.servlet.handler.SimpleUrlHandlerMapping - Mapped URL path [/webjars/**] onto handler of type [class org.springframework.web.servlet.resource.ResourceHttpRequestHandler]
2018-10-09 22:34:42.414 [main] INFO org.springframework.web.servlet.handler.SimpleUrlHandlerMapping - Mapped URL path [/**] onto handler of type [class org.springframework.web.servlet.resource.ResourceHttpRequestHandler]
2018-10-09 22:34:42.465 [main] WARN org.springframework.boot.autoconfigure.thymeleaf.ThymeleafAutoConfiguration$DefaultTemplateResolverConfiguration - Cannot find template location: classpath:/templates/ (please add some templates or check your Thymeleaf configuration)
2018-10-09 22:34:42.645 [main] INFO org.springframework.jmx.export.annotation.AnnotationMBeanExporter - Registering beans for JMX exposure on startup
2018-10-09 22:34:42.666 [main] INFO org.apache.coyote.http11.Http11NioProtocol - Starting ProtocolHandler ["http-nio-8080"]
2018-10-09 22:34:42.675 [main] INFO org.apache.tomcat.util.net.NioSelectorPool - Using a shared selector for servlet write/read
2018-10-09 22:34:42.688 [main] INFO org.springframework.boot.web.embedded.tomcat.TomcatWebServer - Tomcat started on port(s): 8080 (http) with context path ''
2018-10-09 22:34:42.690 [main] INFO com.vps.restapi.Application - Started Application in 3.196 seconds (JVM running for 3.98)
2018-10-09 22:34:51.820 [RMI TCP Connection(2)-127.0.0.1] INFO org.springframework.boot.admin.SpringApplicationAdminMXBeanRegistrar$SpringApplicationAdmin - Application shutdown requested.
2018-10-09 22:34:51.821 [RMI TCP Connection(2)-127.0.0.1] INFO org.springframework.boot.web.servlet.context.AnnotationConfigServletWebServerApplicationContext - Closing org.springframework.boot.web.servlet.context.AnnotationConfigServletWebServerApplicationContext@10d307f1: startup date [Tue Oct 09 22:34:39 CEST 2018]; root of context hierarchy
2018-10-09 22:34:51.822 [RMI TCP Connection(2)-127.0.0.1] INFO org.springframework.jmx.export.annotation.AnnotationMBeanExporter - Unregistering JMX-exposed beans on shutdown
